This is pdfTeX, Version 3.14159265-2.6-1.40.19 (TeX Live 2018/W32TeX) (preloaded format=pdflatex 2018.11.8)  31 MAY 2019 17:29
entering extended mode
 restricted \write18 enabled.
 %&-line parsing enabled.
**ThesisKomplett.tex
(./ThesisKomplett.tex
LaTeX2e <2018-04-01> patch level 5
\@input{Header/header.aux}
\openout2 = `Header/header.aux'.

(./Header/header.tex (c:/texlive/2018/texmf-dist/tex/latex/base/article.cls
Document Class: article 2014/09/29 v1.4h Standard LaTeX document class
(c:/texlive/2018/texmf-dist/tex/latex/base/size12.clo
File: size12.clo 2014/09/29 v1.4h Standard LaTeX file (size option)
)
\c@part=\count80
\c@section=\count81
\c@subsection=\count82
\c@subsubsection=\count83
\c@paragraph=\count84
\c@subparagraph=\count85
\c@figure=\count86
\c@table=\count87
\abovecaptionskip=\skip41
\belowcaptionskip=\skip42
\bibindent=\dimen102
)
(c:/texlive/2018/texmf-dist/tex/latex/natbib/natbib.sty
Package: natbib 2010/09/13 8.31b (PWD, AO)
\bibhang=\skip43
\bibsep=\skip44
LaTeX Info: Redefining \cite on input line 694.
\c@NAT@ctr=\count88
)
(c:/texlive/2018/texmf-dist/tex/latex/graphics/graphicx.sty
Package: graphicx 2017/06/01 v1.1a Enhanced LaTeX Graphics (DPC,SPQR)

(c:/texlive/2018/texmf-dist/tex/latex/graphics/keyval.sty
Package: keyval 2014/10/28 v1.15 key=value parser (DPC)
\KV@toks@=\toks14
)
(c:/texlive/2018/texmf-dist/tex/latex/graphics/graphics.sty
Package: graphics 2017/06/25 v1.2c Standard LaTeX Graphics (DPC,SPQR)

(c:/texlive/2018/texmf-dist/tex/latex/graphics/trig.sty
Package: trig 2016/01/03 v1.10 sin cos tan (DPC)
)
(c:/texlive/2018/texmf-dist/tex/latex/graphics-cfg/graphics.cfg
File: graphics.cfg 2016/06/04 v1.11 sample graphics configuration
)
Package graphics Info: Driver file: pdftex.def on input line 99.

(c:/texlive/2018/texmf-dist/tex/latex/graphics-def/pdftex.def
File: pdftex.def 2018/01/08 v1.0l Graphics/color driver for pdftex
))
\Gin@req@height=\dimen103
\Gin@req@width=\dimen104
)
(c:/texlive/2018/texmf-dist/tex/latex/caption/caption.sty
Package: caption 2018/10/06 v3.3-154 Customizing captions (AR)

(c:/texlive/2018/texmf-dist/tex/latex/caption/caption3.sty
Package: caption3 2018/09/12 v1.8c caption3 kernel (AR)
Package caption3 Info: TeX engine: e-TeX on input line 64.
\captionmargin=\dimen105
\captionmargin@=\dimen106
\captionwidth=\dimen107
\caption@tempdima=\dimen108
\caption@indent=\dimen109
\caption@parindent=\dimen110
\caption@hangindent=\dimen111
)
\c@caption@flags=\count89
\c@ContinuedFloat=\count90
)
(c:/texlive/2018/texmf-dist/tex/latex/tools/verbatim.sty
Package: verbatim 2014/10/28 v1.5q LaTeX2e package for verbatim enhancements
\every@verbatim=\toks15
\verbatim@line=\toks16
\verbatim@in@stream=\read1
)
(c:/texlive/2018/texmf-dist/tex/latex/wrapfig/wrapfig.sty
\wrapoverhang=\dimen112
\WF@size=\dimen113
\c@WF@wrappedlines=\count91
\WF@box=\box26
\WF@everypar=\toks17
Package: wrapfig 2003/01/31  v 3.6
)
(c:/texlive/2018/texmf-dist/tex/latex/setspace/setspace.sty
Package: setspace 2011/12/19 v6.7a set line spacing
)
(c:/texlive/2018/texmf-dist/tex/latex/tools/array.sty
Package: array 2018/04/30 v2.4h Tabular extension package (FMi)
\col@sep=\dimen114
\ar@mcellbox=\box27
\extrarowheight=\dimen115
\NC@list=\toks18
\extratabsurround=\skip45
\backup@length=\skip46
\ar@cellbox=\box28
)
(c:/texlive/2018/texmf-dist/tex/latex/makecell/makecell.sty
Package: makecell 2009/08/03 V0.1e Managing of Tab Column Heads and Cells
\rotheadsize=\dimen116
\c@nlinenum=\count92
\TeXr@lab=\toks19
)
(c:/texlive/2018/texmf-dist/tex/latex/nowidow/nowidow.sty
Package: nowidow 2011/09/20 1.0 Easily prevent widows and orphans
Package: nowidow 

(c:/texlive/2018/texmf-dist/tex/latex/oberdiek/kvoptions.sty
Package: kvoptions 2016/05/16 v3.12 Key value format for package options (HO)

(c:/texlive/2018/texmf-dist/tex/generic/oberdiek/ltxcmds.sty
Package: ltxcmds 2016/05/16 v1.23 LaTeX kernel commands for general use (HO)
)
(c:/texlive/2018/texmf-dist/tex/generic/oberdiek/kvsetkeys.sty
Package: kvsetkeys 2016/05/16 v1.17 Key value parser (HO)

(c:/texlive/2018/texmf-dist/tex/generic/oberdiek/infwarerr.sty
Package: infwarerr 2016/05/16 v1.4 Providing info/warning/error messages (HO)
)
(c:/texlive/2018/texmf-dist/tex/generic/oberdiek/etexcmds.sty
Package: etexcmds 2016/05/16 v1.6 Avoid name clashes with e-TeX commands (HO)

(c:/texlive/2018/texmf-dist/tex/generic/oberdiek/ifluatex.sty
Package: ifluatex 2016/05/16 v1.4 Provides the ifluatex switch (HO)
Package ifluatex Info: LuaTeX not detected.
)
Package etexcmds Info: Could not find \expanded.
(etexcmds)             That can mean that you are not using pdfTeX 1.50 or
(etexcmds)             that some package has redefined \expanded.
(etexcmds)             In the latter case, load this package earlier.
)))))
(./ThesisKomplett.aux (./Kapitel/deckblatt.aux) (./Kapitel/abstract.aux)
(./Kapitel/einleitung.aux) (./Kapitel/hauptteil.aux) (./Kapitel/schluss.aux))
\openout1 = `ThesisKomplett.aux'.

LaTeX Font Info:    Checking defaults for OML/cmm/m/it on input line 4.
LaTeX Font Info:    ... okay on input line 4.
LaTeX Font Info:    Checking defaults for T1/cmr/m/n on input line 4.
LaTeX Font Info:    ... okay on input line 4.
LaTeX Font Info:    Checking defaults for OT1/cmr/m/n on input line 4.
LaTeX Font Info:    ... okay on input line 4.
LaTeX Font Info:    Checking defaults for OMS/cmsy/m/n on input line 4.
LaTeX Font Info:    ... okay on input line 4.
LaTeX Font Info:    Checking defaults for OMX/cmex/m/n on input line 4.
LaTeX Font Info:    ... okay on input line 4.
LaTeX Font Info:    Checking defaults for U/cmr/m/n on input line 4.
LaTeX Font Info:    ... okay on input line 4.

(c:/texlive/2018/texmf-dist/tex/context/base/mkii/supp-pdf.mkii
[Loading MPS to PDF converter (version 2006.09.02).]
\scratchcounter=\count93
\scratchdimen=\dimen117
\scratchbox=\box29
\nofMPsegments=\count94
\nofMParguments=\count95
\everyMPshowfont=\toks20
\MPscratchCnt=\count96
\MPscratchDim=\dimen118
\MPnumerator=\count97
\makeMPintoPDFobject=\count98
\everyMPtoPDFconversion=\toks21
) (c:/texlive/2018/texmf-dist/tex/latex/oberdiek/epstopdf-base.sty
Package: epstopdf-base 2016/05/15 v2.6 Base part for package epstopdf

(c:/texlive/2018/texmf-dist/tex/latex/oberdiek/grfext.sty
Package: grfext 2016/05/16 v1.2 Manage graphics extensions (HO)

(c:/texlive/2018/texmf-dist/tex/generic/oberdiek/kvdefinekeys.sty
Package: kvdefinekeys 2016/05/16 v1.4 Define keys (HO)
))
(c:/texlive/2018/texmf-dist/tex/generic/oberdiek/pdftexcmds.sty
Package: pdftexcmds 2018/09/10 v0.29 Utility functions of pdfTeX for LuaTeX (HO
)

(c:/texlive/2018/texmf-dist/tex/generic/oberdiek/ifpdf.sty
Package: ifpdf 2018/09/07 v3.3 Provides the ifpdf switch
)
Package pdftexcmds Info: LuaTeX not detected.
Package pdftexcmds Info: \pdf@primitive is available.
Package pdftexcmds Info: \pdf@ifprimitive is available.
Package pdftexcmds Info: \pdfdraftmode found.
)
Package epstopdf-base Info: Redefining graphics rule for `.eps' on input line 4
38.
Package grfext Info: Graphics extension search list:
(grfext)             [.pdf,.png,.jpg,.mps,.jpeg,.jbig2,.jb2,.PDF,.PNG,.JPG,.JPE
G,.JBIG2,.JB2,.eps]
(grfext)             \AppendGraphicsExtensions on input line 456.

(c:/texlive/2018/texmf-dist/tex/latex/latexconfig/epstopdf-sys.cfg
File: epstopdf-sys.cfg 2010/07/13 v1.3 Configuration of (r)epstopdf for TeX Liv
e
))
Package caption Info: Begin \AtBeginDocument code.
Package caption Info: wrapfig package is loaded.
Package caption Info: End \AtBeginDocument code.
\openout2 = `Kapitel/deckblatt.aux'.


(./Kapitel/deckblatt.tex
<Bilder/Deckblatt/UniversityLogo.png, id=1, 115.43124pt x 48.18pt>
File: Bilder/Deckblatt/UniversityLogo.png Graphic file (type png)
<use Bilder/Deckblatt/UniversityLogo.png>
Package pdftex.def Info: Bilder/Deckblatt/UniversityLogo.png  used on input lin
e 8.
(pdftex.def)             Requested size: 91.04915pt x 38.00294pt.
LaTeX Font Info:    External font `cmex10' loaded for size
(Font)              <12> on input line 9.
LaTeX Font Info:    External font `cmex10' loaded for size
(Font)              <8> on input line 9.
LaTeX Font Info:    External font `cmex10' loaded for size
(Font)              <6> on input line 9.
<Bilder/Deckblatt/CompanyLogo.jpg, id=2, 240.9pt x 65.24374pt>
File: Bilder/Deckblatt/CompanyLogo.jpg Graphic file (type jpg)
<use Bilder/Deckblatt/CompanyLogo.jpg>
Package pdftex.def Info: Bilder/Deckblatt/CompanyLogo.jpg  used on input line 1
3.
(pdftex.def)             Requested size: 170.71652pt x 46.23676pt.
 [1




{c:/texlive/2018/texmf-var/fonts/map/pdftex/updmap/pdftex.map} <./Bilder/Deckbl
att/UniversityLogo.png (PNG copy)> <./Bilder/Deckblatt/CompanyLogo.jpg>])
\openout2 = `Kapitel/abstract.aux'.

 (./Kapitel/abstract.tex) [1


] (./ThesisKomplett.toc)
\tf@toc=\write3
\openout3 = `ThesisKomplett.toc'.


(./ThesisKomplett.lof [2

]
Overfull \hbox (2.15446pt too wide) in paragraph at lines 13--13
 [][] []\OT1/cmr/m/n/12 Interaktion und Er-weiterung des \OT1/cmr/m/it/12 3d bu
t-ton menu \OT1/cmr/m/n/12 nach [Ehrlich, 
 []


Overfull \hbox (0.29335pt too wide) in paragraph at lines 15--15
 [][] []\OT1/cmr/m/n/12 Unterarm Pro-to-typ f^^?ur VR mit Gesten-erken-nung, vg
l. [Corvid- 
 []

)
\tf@lof=\write4
\openout4 = `ThesisKomplett.lof'.

 (./ThesisKomplett.lot [3])
\tf@lot=\write5
\openout5 = `ThesisKomplett.lot'.

 [4]
\openout2 = `Kapitel/einleitung.aux'.

 (./Kapitel/einleitung.tex) [5

]
\openout2 = `Kapitel/hauptteil.aux'.


(./Kapitel/hauptteil.tex
Overfull \hbox (7.45284pt too wide) in paragraph at lines 7--8
\OT1/cmr/m/n/12 nutzung mit einem Com-puter, einem Be-nutzer das Gef^^?uhl zu g
eben, tats^^?achlich
 []


Underfull \hbox (badness 10000) in paragraph at lines 7--8

 []

[6


]
<Bilder/Hauptteil/virtualreality.png, id=30, 434.22224pt x 325.215pt>
File: Bilder/Hauptteil/virtualreality.png Graphic file (type png)
<use Bilder/Hauptteil/virtualreality.png>
Package pdftex.def Info: Bilder/Hauptteil/virtualreality.png  used on input lin
e 11.
(pdftex.def)             Requested size: 217.11058pt x 162.6071pt.

Overfull \hbox (6.8959pt too wide) in paragraph at lines 18--19
\OT1/cmr/m/n/12 Raum berech-nen zu k^^?onnen, kom-men Beschle-u-ni-gungssen-sor
en und Gy-roskope
 []


Underfull \hbox (badness 10000) in paragraph at lines 18--19

 []

[7 <./Bilder/Hauptteil/virtualreality.png>]
<Bilder/Hauptteil/viveheadset.jpeg, id=34, 313.77225pt x 225.2415pt>
File: Bilder/Hauptteil/viveheadset.jpeg Graphic file (type jpg)
<use Bilder/Hauptteil/viveheadset.jpeg>
Package pdftex.def Info: Bilder/Hauptteil/viveheadset.jpeg  used on input line 
22.
(pdftex.def)             Requested size: 235.3286pt x 168.9307pt.

Overfull \hbox (16.62914pt too wide) in paragraph at lines 28--29
\OT1/cmr/m/n/12 Durch HMDs k^^?onnen u.a. kog-ni-tive, psy-chomo-torische oder 
af-fek-tive F^^?ahigkeiten
 []

[8 <./Bilder/Hauptteil/viveheadset.jpeg>]
Underfull \hbox (badness 10000) in paragraph at lines 31--33

 []


Underfull \hbox (badness 10000) in paragraph at lines 34--42

 []


Overfull \hbox (28.93178pt too wide) in paragraph at lines 34--42
\OT1/cmr/m/n/12 M^^?ause und ihre Nachkom-men di-enen als pr^^?azise Eingabeger
^^?ate in 3D-Umgebungen.
 []


Underfull \hbox (badness 10000) in paragraph at lines 34--42

 []


Overfull \hbox (1.83716pt too wide) in paragraph at lines 34--42
\OT1/cmr/m/n/12 Umgebungen konzip-iert, bspw. f^^?ur den Ein-satz in einem Flug
sim-u-la-tor. Dabei
 []


Overfull \hbox (16.4333pt too wide) in paragraph at lines 34--42
\OT1/cmr/m/n/12 tas-ten und But-tons verse-hen, und sind f^^?ur 3D-Anwendungen 
wie z.B. Videospiele
 []


Underfull \hbox (badness 10000) in paragraph at lines 34--42

 []

<Bilder/Hauptteil/xboxonegamepad.png, id=38, 321.6015pt x 241.50224pt>
File: Bilder/Hauptteil/xboxonegamepad.png Graphic file (type png)
<use Bilder/Hauptteil/xboxonegamepad.png>
Package pdftex.def Info: Bilder/Hauptteil/xboxonegamepad.png  used on input lin
e 45.
(pdftex.def)             Requested size: 160.80035pt x 120.75081pt.

LaTeX Warning: `h' float specifier changed to `ht'.


Underfull \hbox (badness 10000) in paragraph at lines 51--53

 []

[9]
<Bilder/Hauptteil/mycestro.png, id=42, 376.40625pt x 375.804pt>
File: Bilder/Hauptteil/mycestro.png Graphic file (type png)
<use Bilder/Hauptteil/mycestro.png>
Package pdftex.def Info: Bilder/Hauptteil/mycestro.png  used on input line 56.
(pdftex.def)             Requested size: 150.55983pt x 150.31894pt.

Overfull \hbox (4.0084pt too wide) in paragraph at lines 62--85
\OT1/cmr/m/n/12 durch ver-schiedene au-di-tive Sig-nale, In-for-ma-tio-nen an e
inen Com-puter sendet,
 []


Underfull \hbox (badness 10000) in paragraph at lines 62--85

 []


Overfull \hbox (68.20244pt too wide) in paragraph at lines 62--85
\OT1/cmr/m/n/12 Bei \OT1/cmr/m/it/12 inertial-sensing \OT1/cmr/m/n/12 wer-den v
er-schiedene Funk-tio-nen durch Druck- bzw. Tr^^?agheitserfassung
 []


Overfull \hbox (12.96898pt too wide) in paragraph at lines 62--85
\OT1/cmr/m/n/12 aus-gel^^?ost. Dabei k^^?onnen mehrere Fin-ger bspw. eine an-de
re In-ter-ak-tion ausl^^?osen,
 []


Underfull \hbox (badness 10000) in paragraph at lines 62--85

 []


Underfull \hbox (badness 10000) in paragraph at lines 62--85

 []


Underfull \hbox (badness 10000) in paragraph at lines 62--85

 []


Overfull \hbox (6.95702pt too wide) in paragraph at lines 62--85
\OT1/cmr/m/n/12 Psychophysiologische Ger^^?ate ve-r-ar-beiten psy-chis-che In-f
or-ma-tio-nen wie z.B. die
 []


Underfull \hbox (badness 10000) in paragraph at lines 62--85

 []


Overfull \hbox (82.95285pt too wide) in paragraph at lines 62--85
\OT1/cmr/m/n/12 oder \OT1/cmr/m/it/12 controller-tracking de-vices\OT1/cmr/m/n/
12 . Die Ver-fol-gungssen-soren er-fassen dabei z.B. Geschwindigkeit,
 []


Overfull \hbox (3.14038pt too wide) in paragraph at lines 62--85
\OT1/cmr/m/n/12 Be-we-gung und Ori-en-tierung des de-mentsprechen-den K^^?orper
teils oder Ger^^?ates,
 []


Underfull \hbox (badness 10000) in paragraph at lines 62--85

 []


Overfull \hbox (16.57219pt too wide) in paragraph at lines 62--85
\OT1/cmr/m/n/12 Laufb^^?ander sind Eingabeger^^?ate, welche speziell f^^?ur die
 un-lim-i-tierte Be-weglichkeit
 []


Underfull \hbox (badness 10000) in paragraph at lines 62--85

 []


Overfull \hbox (1.33205pt too wide) in paragraph at lines 62--85
\OT1/cmr/m/n/12 tionssen-soren an-geregt und somit un-ter-schiedliche In-ter-ak
-tio-nen durchgef^^?uhrt
 []

[10 <./Bilder/Hauptteil/xboxonegamepad.png> <./Bilder/Hauptteil/mycestro.png>]
[11]
<Bilder/Hauptteil/vivecontroller.jpeg, id=49, 322.20375pt x 262.581pt>
File: Bilder/Hauptteil/vivecontroller.jpeg Graphic file (type jpg)
<use Bilder/Hauptteil/vivecontroller.jpeg>
Package pdftex.def Info: Bilder/Hauptteil/vivecontroller.jpeg  used on input li
ne 88.
(pdftex.def)             Requested size: 193.32373pt x 157.5498pt.
 [12 <./Bilder/Hauptteil/vivecontroller.jpeg>]
<Bilder/Hauptteil/skinput.png, id=54, 250.536pt x 207.77625pt>
File: Bilder/Hauptteil/skinput.png Graphic file (type png)
<use Bilder/Hauptteil/skinput.png>
Package pdftex.def Info: Bilder/Hauptteil/skinput.png  used on input line 119.
(pdftex.def)             Requested size: 100.21262pt x 83.10901pt.
<Bilder/Hauptteil/sixthsense.png, id=55, 279.444pt x 184.2885pt>
File: Bilder/Hauptteil/sixthsense.png Graphic file (type png)
<use Bilder/Hauptteil/sixthsense.png>
Package pdftex.def Info: Bilder/Hauptteil/sixthsense.png  used on input line 12
4.
(pdftex.def)             Requested size: 111.77562pt x 73.71408pt.
<Bilder/Hauptteil/dataglove.png, id=56, 199.34476pt x 181.8795pt>
File: Bilder/Hauptteil/dataglove.png Graphic file (type png)
<use Bilder/Hauptteil/dataglove.png>
Package pdftex.def Info: Bilder/Hauptteil/dataglove.png  used on input line 129
.
(pdftex.def)             Requested size: 89.7043pt x 81.845pt.
<Bilder/Hauptteil/thepersonalcockpit.png, id=57, 117.43875pt x 98.769pt>
File: Bilder/Hauptteil/thepersonalcockpit.png Graphic file (type png)
<use Bilder/Hauptteil/thepersonalcockpit.png>
Package pdftex.def Info: Bilder/Hauptteil/thepersonalcockpit.png  used on input
 line 139.
(pdftex.def)             Requested size: 93.95111pt x 79.01529pt.
File: Bilder/Hauptteil/vivecontroller.jpeg Graphic file (type jpg)
<use Bilder/Hauptteil/vivecontroller.jpeg>
Package pdftex.def Info: Bilder/Hauptteil/vivecontroller.jpeg  used on input li
ne 143.
(pdftex.def)             Requested size: 96.66187pt x 78.7749pt.
<Bilder/Hauptteil/virtualizer1.jpg, id=58, 373.395pt x 280.04625pt>
File: Bilder/Hauptteil/virtualizer1.jpg Graphic file (type jpg)
<use Bilder/Hauptteil/virtualizer1.jpg>
Package pdftex.def Info: Bilder/Hauptteil/virtualizer1.jpg  used on input line 
148.
(pdftex.def)             Requested size: 112.01936pt x 84.01451pt.

Overfull \hbox (0.57745pt too wide) in paragraph at lines 162--165
\OT1/cmr/m/n/12 sind, beg^^?unstigen den Gorilla-Arm Ef-fekt. Darum soll-ten In
-ter-faces m^^?oglichst
 []


Overfull \hbox (10.23196pt too wide) in paragraph at lines 162--165
\OT1/cmr/m/n/12 Technik erm^^?oglicht wer-den, um das Ausstrecken des Armes zu 
ver-mei-den [LaVi-
 []

[13 <./Bilder/Hauptteil/skinput.png> <./Bilder/Hauptteil/sixthsense.png> <./Bil
der/Hauptteil/dataglove.png> <./Bilder/Hauptteil/thepersonalcockpit.png> <./Bil
der/Hauptteil/virtualizer1.jpg>] [14]
<Bilder/Hauptteil/3duserinterface.png, id=65, 295.70474pt x 237.2865pt>
File: Bilder/Hauptteil/3duserinterface.png Graphic file (type png)
<use Bilder/Hauptteil/3duserinterface.png>
Package pdftex.def Info: Bilder/Hauptteil/3duserinterface.png  used on input li
ne 171.
(pdftex.def)             Requested size: 221.778pt x 177.96442pt.


LaTeX Warning: `h' float specifier changed to `ht'.


Overfull \hbox (19.94946pt too wide) in paragraph at lines 177--178
\OT1/cmr/m/n/12 De-sign-in-ter-ak-tio-nen. Mike Al-ger hat zahlre-iche Pro-to-t
ypen mit un-ter-schiedlichen
 []

<Bilder/Hauptteil/mikealger3dui.png, id=66, 727.518pt x 377.61075pt>
File: Bilder/Hauptteil/mikealger3dui.png Graphic file (type png)
<use Bilder/Hauptteil/mikealger3dui.png>
Package pdftex.def Info: Bilder/Hauptteil/mikealger3dui.png  used on input line
 181.
(pdftex.def)             Requested size: 218.25708pt x 113.28409pt.

LaTeX Warning: `h' float specifier changed to `ht'.

[15]
Underfull \hbox (badness 10000) in paragraph at lines 190--191

 []

[16 <./Bilder/Hauptteil/3duserinterface.png> <./Bilder/Hauptteil/mikealger3dui.
png>]
<Bilder/Hauptteil/onbodyinterface.png, id=73, 185.493pt x 134.30174pt>
File: Bilder/Hauptteil/onbodyinterface.png Graphic file (type png)
<use Bilder/Hauptteil/onbodyinterface.png>
Package pdftex.def Info: Bilder/Hauptteil/onbodyinterface.png  used on input li
ne 194.
(pdftex.def)             Requested size: 185.49254pt x 134.3014pt.


LaTeX Warning: `h' float specifier changed to `ht'.

[17] [18 <./Bilder/Hauptteil/onbodyinterface.png>]
Overfull \hbox (5.08578pt too wide) in paragraph at lines 228--243
 [] 
 []

[19]
Overfull \hbox (5.83617pt too wide) in paragraph at lines 252--255
\OT1/cmr/m/n/12 doch pos-i-tiv auf die Im-mer-sion aus und bi-etet ger-ade auf-
grund der zus^^?atzlichen
 []


Overfull \hbox (4.1959pt too wide) in paragraph at lines 252--255
\OT1/cmr/m/n/12 Tiefe, neue M^^?oglichkeiten f^^?ur In-ter-ak-tio-nen [Stuer-zl
inger and Wingrave, 2011].
 []

[20] [21]
<Bilder/Hauptteil/konzept8.png, id=90, 269.20575pt x 252.945pt>
File: Bilder/Hauptteil/konzept8.png Graphic file (type png)
<use Bilder/Hauptteil/konzept8.png>
Package pdftex.def Info: Bilder/Hauptteil/konzept8.png  used on input line 264.

(pdftex.def)             Requested size: 134.60254pt x 126.47218pt.

Underfull \hbox (badness 1436) in paragraph at lines 266--266
[]\OT1/cmr/m/n/12 Abbildung 9: |Wheelpicker-Modell nach [Ehrlich,
 []

<Bilder/Hauptteil/konzept9.png, id=92, 272.81924pt x 252.945pt>
File: Bilder/Hauptteil/konzept9.png Graphic file (type png)
<use Bilder/Hauptteil/konzept9.png>
Package pdftex.def Info: Bilder/Hauptteil/konzept9.png  used on input line 274.

(pdftex.def)             Requested size: 136.40929pt x 126.47218pt.

LaTeX Warning: `h' float specifier changed to `ht'.


Overfull \hbox (10.10577pt too wide) in paragraph at lines 281--282
\OT1/cmr/m/n/12 nebeneinan-der platziert wer-den. Das \OT1/cmr/m/it/12 pie menu
 \OT1/cmr/m/n/12 ist im Ver-gle-ich zum \OT1/cmr/m/it/12 wheelpicker
 []

[22 <./Bilder/Hauptteil/konzept8.png>]
<Bilder/Hauptteil/konzept10.png, id=97, 272.217pt x 253.54726pt>
File: Bilder/Hauptteil/konzept10.png Graphic file (type png)
<use Bilder/Hauptteil/konzept10.png>
Package pdftex.def Info: Bilder/Hauptteil/konzept10.png  used on input line 285
.
(pdftex.def)             Requested size: 136.10815pt x 126.7733pt.
<Bilder/Hauptteil/konzept11a.png, id=98, 339.06676pt x 349.90726pt>
File: Bilder/Hauptteil/konzept11a.png Graphic file (type png)
<use Bilder/Hauptteil/konzept11a.png>
Package pdftex.def Info: Bilder/Hauptteil/konzept11a.png  used on input line 29
5.
(pdftex.def)             Requested size: 169.53296pt x 174.95319pt.


LaTeX Warning: `h' float specifier changed to `ht'.

[23 <./Bilder/Hauptteil/konzept9.png> <./Bilder/Hauptteil/konzept10.png>]
<Bilder/Hauptteil/konzept19a.png, id=104, 308.352pt x 339.669pt>
File: Bilder/Hauptteil/konzept19a.png Graphic file (type png)
<use Bilder/Hauptteil/konzept19a.png>
Package pdftex.def Info: Bilder/Hauptteil/konzept19a.png  used on input line 30
6.
(pdftex.def)             Requested size: 154.17561pt x 169.83408pt.

[24 <./Bilder/Hauptteil/konzept11a.png> <./Bilder/Hauptteil/konzept19a.png>]
<Bilder/Hauptteil/konzept17.png, id=111, 384.2355pt x 295.1025pt>
File: Bilder/Hauptteil/konzept17.png Graphic file (type png)
<use Bilder/Hauptteil/konzept17.png>
Package pdftex.def Info: Bilder/Hauptteil/konzept17.png  used on input line 317
.
(pdftex.def)             Requested size: 192.11728pt x 147.55087pt.

Underfull \hbox (badness 3000) in paragraph at lines 331--331
[]|\OT1/cmr/m/n/12 Keine Tiefe, Keine Ro-ta-tion, Verdeck-ung, un-ter-
 []


Underfull \hbox (badness 3428) in paragraph at lines 332--332
[]|\OT1/cmr/m/n/12 Einheitliche El-e-mente, Keine Tiefe, []Uberdeckung,
 []


Overfull \hbox (1.0255pt too wide) in paragraph at lines 327--336
 [] 
 []


LaTeX Warning: `h' float specifier changed to `ht'.

<Bilder/Hauptteil/arminterface.png, id=112, 661.2705pt x 341.47575pt>
File: Bilder/Hauptteil/arminterface.png Graphic file (type png)
<use Bilder/Hauptteil/arminterface.png>
Package pdftex.def Info: Bilder/Hauptteil/arminterface.png  used on input line 
345.
(pdftex.def)             Requested size: 198.38268pt x 102.44351pt.

Underfull \hbox (badness 1533) in paragraph at lines 347--347
[]\OT1/cmr/m/n/12 Abbildung 15: |Un-ter-arm Pro-to-typ f^^?ur VR mit
 []


LaTeX Warning: `h' float specifier changed to `ht'.


Overfull \hbox (5.08578pt too wide) in paragraph at lines 355--371
 [] 
 []


LaTeX Warning: `h' float specifier changed to `ht'.


Overfull \hbox (8.4042pt too wide) in paragraph at lines 377--378
\OT1/cmr/m/n/12 Richtlin-ien sowie des vorher beschriebe-nen Kachel-Modells und
 dessen Vorteile,
 []


Overfull \hbox (22.30823pt too wide) in paragraph at lines 377--378
\OT1/cmr/m/n/12 ent-stand die Idee eines De-signs, welches f^^?ur weniger []Ube
rdeckung und []Uberladung
 []

[25 <./Bilder/Hauptteil/konzept17.png>]
<Bilder/Hauptteil/konzept14.png, id=117, 295.1025pt x 288.47775pt>
File: Bilder/Hauptteil/konzept14.png Graphic file (type png)
<use Bilder/Hauptteil/konzept14.png>
Package pdftex.def Info: Bilder/Hauptteil/konzept14.png  used on input line 381
.
(pdftex.def)             Requested size: 147.55087pt x 144.23851pt.


LaTeX Warning: `h' float specifier changed to `ht'.

[26 <./Bilder/Hauptteil/arminterface.png>]
<Bilder/Hauptteil/konzept23.png, id=121, 402.90524pt x 314.3745pt>
File: Bilder/Hauptteil/konzept23.png Graphic file (type png)
<use Bilder/Hauptteil/konzept23.png>
Package pdftex.def Info: Bilder/Hauptteil/konzept23.png  used on input line 391
.
(pdftex.def)             Requested size: 201.45212pt x 157.18686pt.


LaTeX Warning: `h' float specifier changed to `ht'.

<Bilder/Hauptteil/konzept22.png, id=122, 243.309pt x 237.2865pt>
File: Bilder/Hauptteil/konzept22.png Graphic file (type png)
<use Bilder/Hauptteil/konzept22.png>
Package pdftex.def Info: Bilder/Hauptteil/konzept22.png  used on input line 401
.
(pdftex.def)             Requested size: 121.6542pt x 118.64294pt.

LaTeX Warning: `h' float specifier changed to `ht'.


Overfull \hbox (11.1153pt too wide) in paragraph at lines 408--409
\OT1/cmr/m/n/12 Dieses Kapi-tel beschreibt die Um-set-zung des Pro-to-typen und
 der dazugeh^^?origen
 []

[27]
Overfull \hbox (11.89445pt too wide) in paragraph at lines 411--412
\OT1/cmr/m/n/12 In-ter-faces, wer-den di-verse Pro-gramme ver-wen-det, die sowo
hl VR-Unterst^^?utzung
 []

[28 <./Bilder/Hauptteil/konzept14.png> <./Bilder/Hauptteil/konzept23.png>]
Underfull \hbox (badness 10000) in paragraph at lines 414--415

 []


Underfull \hbox (badness 10000) in paragraph at lines 416--418

 []

[29 <./Bilder/Hauptteil/konzept22.png>] [30]
<Bilder/Hauptteil/Bearbeitet/Interface.png, id=139, 432.4155pt x 185.493pt>
File: Bilder/Hauptteil/Bearbeitet/Interface.png Graphic file (type png)
<use Bilder/Hauptteil/Bearbeitet/Interface.png>
Package pdftex.def Info: Bilder/Hauptteil/Bearbeitet/Interface.png  used on inp
ut line 424.
(pdftex.def)             Requested size: 259.4513pt x 111.29665pt.
 [31 <./Bilder/Hauptteil/Bearbeitet/Interface.png>]
<Bilder/Hauptteil/vivecontrollerextended.jpg, id=144, 402.75468pt x 328.22626pt
>
File: Bilder/Hauptteil/vivecontrollerextended.jpg Graphic file (type jpg)
<use Bilder/Hauptteil/vivecontrollerextended.jpg>
Package pdftex.def Info: Bilder/Hauptteil/vivecontrollerextended.jpg  used on i
nput line 437.
(pdftex.def)             Requested size: 201.37685pt x 164.11272pt.

Overfull \hbox (13.7pt too wide) in paragraph at lines 443--444
\OT1/cmr/m/n/12 Die Tele-por-ta-tion des Be-nutzers wird durch eine Touchpad-Fu
nktion erm^^?oglicht.
 []

<Bilder/Hauptteil/Bearbeitet/Teleport.png, id=145, 427.5975pt x 297.5115pt>
File: Bilder/Hauptteil/Bearbeitet/Teleport.png Graphic file (type png)
<use Bilder/Hauptteil/Bearbeitet/Teleport.png>
Package pdftex.def Info: Bilder/Hauptteil/Bearbeitet/Teleport.png  used on inpu
t line 447.
(pdftex.def)             Requested size: 213.79822pt x 148.75539pt.
[32 <./Bilder/Hauptteil/vivecontrollerextended.jpg> <./Bilder/Hauptteil/Bearbei
tet/Teleport.png>]
<Bilder/Hauptteil/Bearbeitet/SelektionMerge.png, id=150, 511.9125pt x 241.50224
pt>
File: Bilder/Hauptteil/Bearbeitet/SelektionMerge.png Graphic file (type png)
<use Bilder/Hauptteil/Bearbeitet/SelektionMerge.png>
Package pdftex.def Info: Bilder/Hauptteil/Bearbeitet/SelektionMerge.png  used o
n input line 458.
(pdftex.def)             Requested size: 255.95563pt x 120.75081pt.

Underfull \hbox (badness 1789) in paragraph at lines 460--460
[]\OT1/cmr/m/n/12 Abbildung 22: |Markieren und Se-lek-tieren eines
 []

<Bilder/Hauptteil/Bearbeitet/TranslationMerge.png, id=151, 434.22224pt x 259.56
975pt>
File: Bilder/Hauptteil/Bearbeitet/TranslationMerge.png Graphic file (type png)
<use Bilder/Hauptteil/Bearbeitet/TranslationMerge.png>
Package pdftex.def Info: Bilder/Hauptteil/Bearbeitet/TranslationMerge.png  used
 on input line 468.
(pdftex.def)             Requested size: 260.53535pt x 155.74304pt.

LaTeX Warning: `h' float specifier changed to `ht'.

<Bilder/Hauptteil/Bearbeitet/RotationMerge.png, id=152, 775.698pt x 240.9pt>
File: Bilder/Hauptteil/Bearbeitet/RotationMerge.png Graphic file (type png)
<use Bilder/Hauptteil/Bearbeitet/RotationMerge.png>
Package pdftex.def Info: Bilder/Hauptteil/Bearbeitet/RotationMerge.png  used on
 input line 478.
(pdftex.def)             Requested size: 271.49835pt x 84.31625pt.

LaTeX Warning: `h' float specifier changed to `ht'.

<Bilder/Hauptteil/Bearbeitet/SkalierungMerge.png, id=153, 463.13025pt x 261.376
5pt>
File: Bilder/Hauptteil/Bearbeitet/SkalierungMerge.png Graphic file (type png)
<use Bilder/Hauptteil/Bearbeitet/SkalierungMerge.png>
Package pdftex.def Info: Bilder/Hauptteil/Bearbeitet/SkalierungMerge.png  used 
on input line 488.
(pdftex.def)             Requested size: 277.8803pt x 156.82709pt.
[33 <./Bilder/Hauptteil/Bearbeitet/SelektionMerge.png>]

LaTeX Warning: `h' float specifier changed to `ht'.


Underfull \hbox (badness 10000) in paragraph at lines 494--499

 []


Underfull \hbox (badness 10000) in paragraph at lines 494--499

 []

<Bilder/Hauptteil/Bearbeitet/Blind.png, id=158, 329.43076pt x 321.6015pt>
File: Bilder/Hauptteil/Bearbeitet/Blind.png Graphic file (type png)
<use Bilder/Hauptteil/Bearbeitet/Blind.png>
Package pdftex.def Info: Bilder/Hauptteil/Bearbeitet/Blind.png  used on input l
ine 502.
(pdftex.def)             Requested size: 164.71497pt x 160.80035pt.

LaTeX Warning: `h' float specifier changed to `ht'.

[34 <./Bilder/Hauptteil/Bearbeitet/TranslationMerge.png> <./Bilder/Hauptteil/Be
arbeitet/RotationMerge.png>] [35 <./Bilder/Hauptteil/Bearbeitet/SkalierungMerge
.png> <./Bilder/Hauptteil/Bearbeitet/Blind.png>]
Overfull \hbox (5.7198pt too wide) in paragraph at lines 515--516
\OT1/cmr/m/n/12 et al., 2011"] konzip-iert und durchgef^^?uhrt. DE-CIDE steht d
abei f^^?ur \OT1/cmr/bx/it/12 D\OT1/cmr/m/it/12 etermine
 []

[36]
Overfull \hbox (5.08578pt too wide) in paragraph at lines 519--539
 [] 
 []

<Bilder/Hauptteil/BildRaum.png, id=173, 591.71063pt x 400.49625pt>
File: Bilder/Hauptteil/BildRaum.png Graphic file (type png)
<use Bilder/Hauptteil/BildRaum.png>
Package pdftex.def Info: Bilder/Hauptteil/BildRaum.png  used on input line 548.

(pdftex.def)             Requested size: 295.85458pt x 200.24763pt.

LaTeX Warning: `h' float specifier changed to `ht'.


Overfull \hbox (13.49998pt too wide) in paragraph at lines 554--555
\OT1/cmr/m/n/12 shilfe zur Erf^^?ullung der gestell-ten Auf-gaben, als auch als
 In-ter-ak-tionsm^^?oglichkeit
 []

[37] [38 <./Bilder/Hauptteil/BildRaum.png>] [39]
<Bilder/Hauptteil/susscore.png, id=183, 245.11575pt x 185.493pt>
File: Bilder/Hauptteil/susscore.png Graphic file (type png)
<use Bilder/Hauptteil/susscore.png>
Package pdftex.def Info: Bilder/Hauptteil/susscore.png  used on input line 564.

(pdftex.def)             Requested size: 183.83635pt x 139.1194pt.

Underfull \hbox (badness 10000) in paragraph at lines 566--566
[]\OT1/cmr/m/n/12 Abbildung 28: |SUS-Score In-ter-pre-ta-tion
 []

<Bilder/Hauptteil/susvrstandardabweichung.png, id=184, 370.986pt x 354.123pt>
File: Bilder/Hauptteil/susvrstandardabweichung.png Graphic file (type png)
<use Bilder/Hauptteil/susvrstandardabweichung.png>
Package pdftex.def Info: Bilder/Hauptteil/susvrstandardabweichung.png  used on 
input line 574.
(pdftex.def)             Requested size: 296.78918pt x 283.29877pt.

LaTeX Warning: `h' float specifier changed to `ht'.

<Bilder/Hauptteil/vrerfahrungalle.png, id=185, 560.69475pt x 292.09125pt>
File: Bilder/Hauptteil/vrerfahrungalle.png Graphic file (type png)
<use Bilder/Hauptteil/vrerfahrungalle.png>
Package pdftex.def Info: Bilder/Hauptteil/vrerfahrungalle.png  used on input li
ne 584.
(pdftex.def)             Requested size: 336.41943pt x 175.25609pt.

LaTeX Warning: `h' float specifier changed to `ht'.

<Bilder/Hauptteil/negativsteFragen.png, id=186, 292.6935pt x 60.82726pt>
File: Bilder/Hauptteil/negativsteFragen.png Graphic file (type png)
<use Bilder/Hauptteil/negativsteFragen.png>
Package pdftex.def Info: Bilder/Hauptteil/negativsteFragen.png  used on input l
ine 594.
(pdftex.def)             Requested size: 234.1551pt x 48.66187pt.

LaTeX Warning: `h' float specifier changed to `ht'.

<Bilder/Hauptteil/susfragenstandardabweichung.png, id=187, 475.7775pt x 90.3375
pt>
File: Bilder/Hauptteil/susfragenstandardabweichung.png Graphic file (type png)
<use Bilder/Hauptteil/susfragenstandardabweichung.png>
Package pdftex.def Info: Bilder/Hauptteil/susfragenstandardabweichung.png  used
 on input line 604.
(pdftex.def)             Requested size: 356.83223pt x 67.75294pt.
[40 <./Bilder/Hauptteil/susscore.png>]

LaTeX Warning: `h' float specifier changed to `ht'.


Overfull \hbox (11.76344pt too wide) in paragraph at lines 610--611
\OT1/cmr/m/n/12 vergeben wur-den. Die durch-schnit-tliche Durchf^^?uhrungszeit 
pro Er-fahrungsstufe
 []

<Bilder/Hauptteil/durchschnittzeitvrerf.png, id=191, 123.46124pt x 75.8835pt>
File: Bilder/Hauptteil/durchschnittzeitvrerf.png Graphic file (type png)
<use Bilder/Hauptteil/durchschnittzeitvrerf.png>
Package pdftex.def Info: Bilder/Hauptteil/durchschnittzeitvrerf.png  used on in
put line 614.
(pdftex.def)             Requested size: 123.46092pt x 75.8833pt.

LaTeX Warning: `h' float specifier changed to `ht'.


Underfull \hbox (badness 10000) in paragraph at lines 620--624

 []

[41 <./Bilder/Hauptteil/susvrstandardabweichung.png>] [42 <./Bilder/Hauptteil/v
rerfahrungalle.png> <./Bilder/Hauptteil/negativsteFragen.png>] [43 <./Bilder/Ha
uptteil/susfragenstandardabweichung.png> <./Bilder/Hauptteil/durchschnittzeitvr
erf.png>]) [44]
\openout2 = `Kapitel/schluss.aux'.

 (./Kapitel/schluss.tex)
Overfull \hbox (7.38339pt too wide) in paragraph at lines 7--20
\OT1/cmr/m/n/12 Gesten ges-teuerten Sys-tem bessere Ergeb-nisse bez^^?uglich de
r Us-abil-ity aufweist.
 []


Overfull \hbox (2.78345pt too wide) in paragraph at lines 7--20
\OT1/cmr/m/n/12 Das Sys-tem m^^?usste eventuell mit einer gr^^?o^^Yeren Gruppe 
von Per-so-nen getestet
 []


Overfull \hbox (0.21404pt too wide) in paragraph at lines 7--20
\OT1/cmr/m/n/12 sowie Touchpad-Eingaben f^^?ur Be-we-gung und Ro-ta-tion des Be
nutzer-Modelles
 []


Overfull \hbox (8.8565pt too wide) in paragraph at lines 7--20
\OT1/cmr/m/n/12 k^^?onnten die An-wen-dung pos-i-tiv er-weit-ern und die Us-abi
l-ity erh^^?ohen. Zuk^^?unftig
 []

[45


] [46] (./ThesisKomplett.bbl
Underfull \hbox (badness 10000) in paragraph at lines 9--15
\OT1/cmr/m/n/12 product-usability-with-the-system-usability-scale-sus-score-69f
3875b858f
 []


Underfull \hbox (badness 10000) in paragraph at lines 41--45
[]\OT1/cmr/m/n/12 CorvidDude.  VR spa-tial UI de-sign ex-er-cise, 2018.
 []


Underfull \hbox (badness 10000) in paragraph at lines 41--45
\OT1/cmr/m/n/12 https://www.youtube.com/watch?v=y[]s3HZpaOLI aufgerufen am
 []


Underfull \hbox (badness 2197) in paragraph at lines 53--60
[]\OT1/cmr/m/n/12 Niloofar Dez-fuli, Mo-ham-madreza Khalil-beigi, Jochen Hu-ber
, Flo-rian
 []

[47

] [48] [49]
Underfull \hbox (badness 10000) in paragraph at lines 277--280
[]\OT1/cmr/m/n/12 Valve Cor-po-ra-tion.  SteamVR Plu-gin, 2014.
 []


Underfull \hbox (badness 10000) in paragraph at lines 288--293
[]\OT1/cmr/m/n/12 Marja W3C and Matt.  Ex-plor-ing Us-abil-ity En-hance-ments
 []


Underfull \hbox (badness 10000) in paragraph at lines 288--293
\OT1/cmr/m/n/12 in W3C Pro-cess - Us-abil-ity - ISO 9241 def-i-ni-tion;, 2002.
 []


Underfull \hbox (badness 10000) in paragraph at lines 288--293
\OT1/cmr/m/n/12 https://www.w3.org/2002/Talks/0104-usabilityprocess/slide3-0.ht
ml
 []

[50]) [51] (./ThesisKomplett.aux (./Kapitel/deckblatt.aux)
(./Kapitel/abstract.aux) (./Kapitel/einleitung.aux) (./Kapitel/hauptteil.aux)
(./Kapitel/schluss.aux))

LaTeX Warning: Label(s) may have changed. Rerun to get cross-references right.

 ) 
Here is how much of TeX's memory you used:
 3662 strings out of 492639
 60502 string characters out of 6133088
 128495 words of memory out of 5000000
 7431 multiletter control sequences out of 15000+600000
 8600 words of font info for 30 fonts, out of 8000000 for 9000
 1141 hyphenation exceptions out of 8191
 41i,18n,44p,4133b,399s stack positions out of 5000i,500n,10000p,200000b,80000s
<c:/texlive/2018/texmf-dist/fonts/type1/public/amsfonts/cm/cmbx12.pfb><c:/tex
live/2018/texmf-dist/fonts/type1/public/amsfonts/cm/cmbxti10.pfb><c:/texlive/20
18/texmf-dist/fonts/type1/public/amsfonts/cm/cmr12.pfb><c:/texlive/2018/texmf-d
ist/fonts/type1/public/amsfonts/cm/cmti12.pfb>
Output written on ThesisKomplett.pdf (52 pages, 7622398 bytes).
PDF statistics:
 245 PDF objects out of 1000 (max. 8388607)
 130 compressed objects within 2 object streams
 0 named destinations out of 1000 (max. 500000)
 201 words of extra memory for PDF output out of 10000 (max. 10000000)

